[cablegate.wikileaks.org/index.html]
[external.html]
[backblue.gif]
[fade.gif]
[index.html]
[cablegate.wikileaks.org/static/gfx/favicon.ico]
[cablegate.wikileaks.org/index-2.html]
[cablegate.wikileaks.org/static/gfx/WL_Hour_Glass_small.png]
[cablegate.wikileaks.org/reldate/2010-11_0.html]
[cablegate.wikileaks.org/date/1966-12_0.html]
[cablegate.wikileaks.org/date/1972-02_0.html]
[cablegate.wikileaks.org/date/1979-08_0.html]
[cablegate.wikileaks.org/date/1986-05_0.html]
[cablegate.wikileaks.org/date/1989-12_0.html]
[cablegate.wikileaks.org/date/1990-01_0.html]
[cablegate.wikileaks.org/date/2004-01_0.html]
[cablegate.wikileaks.org/date/2004-12_0.html]
[cablegate.wikileaks.org/date/2005-03_0.html]
[cablegate.wikileaks.org/date/2005-05_0.html]
[cablegate.wikileaks.org/date/2005-06_0.html]
[cablegate.wikileaks.org/date/2005-12_0.html]
[cablegate.wikileaks.org/date/2006-04_0.html]
[cablegate.wikileaks.org/date/2006-08_0.html]
[cablegate.wikileaks.org/date/2006-12_0.html]
[cablegate.wikileaks.org/date/2007-01_0.html]
[cablegate.wikileaks.org/date/2007-02_0.html]
[cablegate.wikileaks.org/date/2007-03_0.html]
[cablegate.wikileaks.org/date/2007-04_0.html]
[cablegate.wikileaks.org/date/2007-05_0.html]
[cablegate.wikileaks.org/date/2007-06_0.html]
[cablegate.wikileaks.org/date/2007-07_0.html]
[cablegate.wikileaks.org/date/2007-08_0.html]
[cablegate.wikileaks.org/date/2007-11_0.html]
[cablegate.wikileaks.org/date/2008-01_0.html]
[cablegate.wikileaks.org/date/2008-03_0.html]
[cablegate.wikileaks.org/date/2008-04_0.html]
[cablegate.wikileaks.org/date/2008-05_0.html]
[cablegate.wikileaks.org/date/2008-07_0.html]
[cablegate.wikileaks.org/date/2008-08_0.html]
[cablegate.wikileaks.org/date/2008-09_0.html]
[cablegate.wikileaks.org/date/2008-10_0.html]
[cablegate.wikileaks.org/date/2008-12_0.html]
[cablegate.wikileaks.org/date/2009-01_0.html]
[cablegate.wikileaks.org/date/2009-02_0.html]
[cablegate.wikileaks.org/date/2009-03_0.html]
[cablegate.wikileaks.org/date/2009-04_0.html]
[cablegate.wikileaks.org/date/2009-05_0.html]
[cablegate.wikileaks.org/date/2009-06_0.html]
[cablegate.wikileaks.org/date/2009-07_0.html]
[cablegate.wikileaks.org/date/2009-08_0.html]
[cablegate.wikileaks.org/date/2009-09_0.html]
[cablegate.wikileaks.org/date/2009-10_0.html]
[cablegate.wikileaks.org/date/2009-11_0.html]
[cablegate.wikileaks.org/date/2009-12_0.html]
[cablegate.wikileaks.org/date/2010-01_0.html]
[cablegate.wikileaks.org/date/2010-02_0.html]
[cablegate.wikileaks.org/origin/33_0.html]
[cablegate.wikileaks.org/origin/34_0.html]
[cablegate.wikileaks.org/origin/35_0.html]
[cablegate.wikileaks.org/origin/36_0.html]
[cablegate.wikileaks.org/origin/26_0.html]
[cablegate.wikileaks.org/origin/27_0.html]
[cablegate.wikileaks.org/origin/28_0.html]
[cablegate.wikileaks.org/origin/29_0.html]
[cablegate.wikileaks.org/origin/30_0.html]
[cablegate.wikileaks.org/origin/31_0.html]
[cablegate.wikileaks.org/origin/32_0.html]
[cablegate.wikileaks.org/origin/25_0.html]
[cablegate.wikileaks.org/origin/41_0.html]
[cablegate.wikileaks.org/origin/23_0.html]
[cablegate.wikileaks.org/origin/24_0.html]
[cablegate.wikileaks.org/origin/40_0.html]
[cablegate.wikileaks.org/origin/22_0.html]
[cablegate.wikileaks.org/origin/4_0.html]
[cablegate.wikileaks.org/origin/39_0.html]
[cablegate.wikileaks.org/origin/38_0.html]
[cablegate.wikileaks.org/origin/20_0.html]
[cablegate.wikileaks.org/origin/21_0.html]
[cablegate.wikileaks.org/origin/19_0.html]
[cablegate.wikileaks.org/origin/15_0.html]
[cablegate.wikileaks.org/origin/16_0.html]
[cablegate.wikileaks.org/origin/17_0.html]
[cablegate.wikileaks.org/origin/18_0.html]
[cablegate.wikileaks.org/origin/37_0.html]
[cablegate.wikileaks.org/origin/12_0.html]
[cablegate.wikileaks.org/origin/13_0.html]
[cablegate.wikileaks.org/origin/14_0.html]
[cablegate.wikileaks.org/origin/10_0.html]
[cablegate.wikileaks.org/origin/11_0.html]
[cablegate.wikileaks.org/origin/3_0.html]
[cablegate.wikileaks.org/origin/9_0.html]
[cablegate.wikileaks.org/origin/5_0.html]
[cablegate.wikileaks.org/origin/6_0.html]
[cablegate.wikileaks.org/origin/7_0.html]
[cablegate.wikileaks.org/origin/8_0.html]
[cablegate.wikileaks.org/origin/1_0.html]
[cablegate.wikileaks.org/origin/2_0.html]
[cablegate.wikileaks.org/tag/AE_0.html]
[cablegate.wikileaks.org/tag/AF_0.html]
[cablegate.wikileaks.org/tag/AJ_0.html]
[cablegate.wikileaks.org/tag/AM_0.html]
[cablegate.wikileaks.org/tag/AU_0.html]
[cablegate.wikileaks.org/tag/AORC_0.html]
[cablegate.wikileaks.org/tag/ASEC_0.html]
[cablegate.wikileaks.org/tag/AR_0.html]
[cablegate.wikileaks.org/tag/BU_0.html]
[cablegate.wikileaks.org/tag/BA_0.html]
[cablegate.wikileaks.org/tag/BH_0.html]
[cablegate.wikileaks.org/tag/BY_0.html]
[cablegate.wikileaks.org/tag/CH_0.html]
[cablegate.wikileaks.org/tag/CD_0.html]
[cablegate.wikileaks.org/tag/CV_0.html]
[cablegate.wikileaks.org/tag/CVIS_0.html]
[cablegate.wikileaks.org/tag/CASC_0.html]
[cablegate.wikileaks.org/tag/CF_0.html]
[cablegate.wikileaks.org/tag/COUNTERTERRORISM_0.html]
[cablegate.wikileaks.org/tag/ETTC_0.html]
[cablegate.wikileaks.org/tag/EG_0.html]
[cablegate.wikileaks.org/tag/ECON_0.html]
[cablegate.wikileaks.org/tag/ETRD_0.html]
[cablegate.wikileaks.org/tag/EAGR_0.html]
[cablegate.wikileaks.org/tag/ELAB_0.html]
[cablegate.wikileaks.org/tag/EUN_0.html]
[cablegate.wikileaks.org/tag/EFIN_0.html]
[cablegate.wikileaks.org/tag/EZ_0.html]
[cablegate.wikileaks.org/tag/ENRG_0.html]
[cablegate.wikileaks.org/tag/EPET_0.html]
[cablegate.wikileaks.org/tag/ELTN_0.html]
[cablegate.wikileaks.org/tag/ECPS_0.html]
[cablegate.wikileaks.org/tag/EAID_0.html]
[cablegate.wikileaks.org/tag/EINV_0.html]
[cablegate.wikileaks.org/tag/EFIS_0.html]
[cablegate.wikileaks.org/tag/EXTERNAL_0.html]
[cablegate.wikileaks.org/tag/ECUN_0.html]
[cablegate.wikileaks.org/tag/EU_0.html]
[cablegate.wikileaks.org/tag/EAIR_0.html]
[cablegate.wikileaks.org/tag/FR_0.html]
[cablegate.wikileaks.org/tag/GM_0.html]
[cablegate.wikileaks.org/tag/GE_0.html]
[cablegate.wikileaks.org/tag/GA_0.html]
[cablegate.wikileaks.org/tag/GG_0.html]
[cablegate.wikileaks.org/tag/GR_0.html]
[cablegate.wikileaks.org/tag/GOI_0.html]
[cablegate.wikileaks.org/tag/HO_0.html]
[cablegate.wikileaks.org/tag/IR_0.html]
[cablegate.wikileaks.org/tag/IS_0.html]
[cablegate.wikileaks.org/tag/IZ_0.html]
[cablegate.wikileaks.org/tag/IAEA_0.html]
[cablegate.wikileaks.org/tag/INRB_0.html]
[cablegate.wikileaks.org/tag/IT_0.html]
[cablegate.wikileaks.org/tag/IN_0.html]
[cablegate.wikileaks.org/tag/IRAJ_0.html]
[cablegate.wikileaks.org/tag/IQ_0.html]
[cablegate.wikileaks.org/tag/JO_0.html]
[cablegate.wikileaks.org/tag/JA_0.html]
[cablegate.wikileaks.org/tag/KNNP_0.html]
[cablegate.wikileaks.org/tag/KWBG_0.html]
[cablegate.wikileaks.org/tag/KSCA_0.html]
[cablegate.wikileaks.org/tag/KS_0.html]
[cablegate.wikileaks.org/tag/KPAL_0.html]
[cablegate.wikileaks.org/tag/KU_0.html]
[cablegate.wikileaks.org/tag/KMDR_0.html]
[cablegate.wikileaks.org/tag/KPAO_0.html]
[cablegate.wikileaks.org/tag/KDEM_0.html]
[cablegate.wikileaks.org/tag/KCOR_0.html]
[cablegate.wikileaks.org/tag/KCRM_0.html]
[cablegate.wikileaks.org/tag/KJUS_0.html]
[cablegate.wikileaks.org/tag/KHLS_0.html]
[cablegate.wikileaks.org/tag/KSPR_0.html]
[cablegate.wikileaks.org/tag/KGHG_0.html]
[cablegate.wikileaks.org/tag/KPKO_0.html]
[cablegate.wikileaks.org/tag/KUNR_0.html]
[cablegate.wikileaks.org/tag/KTFN_0.html]
[cablegate.wikileaks.org/tag/KTIA_0.html]
[cablegate.wikileaks.org/tag/KACT_0.html]
[cablegate.wikileaks.org/tag/KWMN_0.html]
[cablegate.wikileaks.org/tag/KG_0.html]
[cablegate.wikileaks.org/tag/KIRF_0.html]
[cablegate.wikileaks.org/tag/KHIV_0.html]
[cablegate.wikileaks.org/tag/KPRP_0.html]
[cablegate.wikileaks.org/tag/KZ_0.html]
[cablegate.wikileaks.org/tag/KN_0.html]
[cablegate.wikileaks.org/tag/LE_0.html]
[cablegate.wikileaks.org/tag/LY_0.html]
[cablegate.wikileaks.org/tag/MARR_0.html]
[cablegate.wikileaks.org/tag/MNUC_0.html]
[cablegate.wikileaks.org/tag/MOPS_0.html]
[cablegate.wikileaks.org/tag/MTCRE_0.html]
[cablegate.wikileaks.org/tag/MCAP_0.html]
[cablegate.wikileaks.org/tag/MASS_0.html]
[cablegate.wikileaks.org/tag/MU_0.html]
[cablegate.wikileaks.org/tag/MY_0.html]
[cablegate.wikileaks.org/tag/ML_0.html]
[cablegate.wikileaks.org/tag/MR_0.html]
[cablegate.wikileaks.org/tag/MPOS_0.html]
[cablegate.wikileaks.org/tag/MOPPS_0.html]
[cablegate.wikileaks.org/tag/MK_0.html]
[cablegate.wikileaks.org/tag/MAR_0.html]
[cablegate.wikileaks.org/tag/NATO_0.html]
[cablegate.wikileaks.org/tag/NG_0.html]
[cablegate.wikileaks.org/tag/OPRC_0.html]
[cablegate.wikileaks.org/tag/OPDC_0.html]
[cablegate.wikileaks.org/tag/OVIP_0.html]
[cablegate.wikileaks.org/tag/OTR_0.html]
[cablegate.wikileaks.org/tag/OTRA_0.html]
[cablegate.wikileaks.org/tag/PREL_0.html]
[cablegate.wikileaks.org/tag/PGOV_0.html]
[cablegate.wikileaks.org/tag/PARM_0.html]
[cablegate.wikileaks.org/tag/PTER_0.html]
[cablegate.wikileaks.org/tag/PINS_0.html]
[cablegate.wikileaks.org/tag/PINR_0.html]
[cablegate.wikileaks.org/tag/PHUM_0.html]
[cablegate.wikileaks.org/tag/PK_0.html]
[cablegate.wikileaks.org/tag/PROP_0.html]
[cablegate.wikileaks.org/tag/PREF_0.html]
[cablegate.wikileaks.org/tag/PM_0.html]
[cablegate.wikileaks.org/tag/PEPR_0.html]
[cablegate.wikileaks.org/tag/PBIO_0.html]
[cablegate.wikileaks.org/tag/PA_0.html]
[cablegate.wikileaks.org/tag/PBTS_0.html]
[cablegate.wikileaks.org/tag/PECON_0.html]
[cablegate.wikileaks.org/tag/POLITICAL_0.html]
[cablegate.wikileaks.org/tag/PARTIES_0.html]
[cablegate.wikileaks.org/tag/QA_0.html]
[cablegate.wikileaks.org/tag/RU_0.html]
[cablegate.wikileaks.org/tag/RS_0.html]
[cablegate.wikileaks.org/tag/RW_0.html]
[cablegate.wikileaks.org/tag/SA_0.html]
[cablegate.wikileaks.org/tag/SYR_0.html]
[cablegate.wikileaks.org/tag/SG_0.html]
[cablegate.wikileaks.org/tag/SP_0.html]
[cablegate.wikileaks.org/tag/SY_0.html]
[cablegate.wikileaks.org/tag/SENV_0.html]
[cablegate.wikileaks.org/tag/SNAR_0.html]
[cablegate.wikileaks.org/tag/SOCI_0.html]
[cablegate.wikileaks.org/tag/SO_0.html]
[cablegate.wikileaks.org/tag/SU_0.html]
[cablegate.wikileaks.org/tag/SF_0.html]
[cablegate.wikileaks.org/tag/SM_0.html]
[cablegate.wikileaks.org/tag/SCUL_0.html]
[cablegate.wikileaks.org/tag/TU_0.html]
[cablegate.wikileaks.org/tag/TFH01_0.html]
[cablegate.wikileaks.org/tag/TX_0.html]
[cablegate.wikileaks.org/tag/TRGY_0.html]
[cablegate.wikileaks.org/tag/TI_0.html]
[cablegate.wikileaks.org/tag/Terrorism_0.html]
[cablegate.wikileaks.org/tag/TC_0.html]
[cablegate.wikileaks.org/tag/TSPA_0.html]
[cablegate.wikileaks.org/tag/UNSC_0.html]
[cablegate.wikileaks.org/tag/UNESCO_0.html]
[cablegate.wikileaks.org/tag/UV_0.html]
[cablegate.wikileaks.org/tag/UP_0.html]
[cablegate.wikileaks.org/tag/US_0.html]
[cablegate.wikileaks.org/tag/UK_0.html]
[cablegate.wikileaks.org/tag/UZ_0.html]
[cablegate.wikileaks.org/tag/UE_0.html]
[cablegate.wikileaks.org/tag/XF_0.html]
[cablegate.wikileaks.org/tag/XA_0.html]
[cablegate.wikileaks.org/tag/YM_0.html]
[cablegate.wikileaks.org/tag/ZP_0.html]
[cablegate.wikileaks.org/tag/ZR_0.html]
[cablegate.wikileaks.org/tag/ZF_0.html]
[cablegate.wikileaks.org/tag/ZI_0.html]
[cablegate.wikileaks.org/classification/1_0.html]
[cablegate.wikileaks.org/classification/2_0.html]
[cablegate.wikileaks.org/classification/3_0.html]
[cablegate.wikileaks.org/classification/4_0.html]
[cablegate.wikileaks.org/classification/5_0.html]
[cablegate.wikileaks.org/classification/6_0.html]
[cablegate.wikileaks.org/static/graphic.png]
[cablegate.wikileaks.org/index.html]
[cablegate.wikileaks.org/static/js/js.js]
[cablegate.wikileaks.org/static/css/reset-fonts-grids.css]
[cablegate.wikileaks.org/static/gfx/moneybookersLogo.10c.delayed]
[cablegate.wikileaks.org/static/gfx/paypalLogo.10d.delayed]
[cablegate.wikileaks.org/static/gfx/wauhollandLogo.10e.delayed]
[cablegate.wikileaks.org/static/gfx/flattrLogo.10f.delayed]
[cablegate.wikileaks.org/static/css/cables.css]
[cablegate.wikileaks.org/index-2.html]
[cablegate.wikileaks.org/reldate/2010-11_1.html]
[cablegate.wikileaks.org/reldate/2010-11_4.html]
[cablegate.wikileaks.org/cable/1966/12/66BUENOSAIRES2481.html]
[cablegate.wikileaks.org/cable/1972/02/72TEHRAN1164.html]
[cablegate.wikileaks.org/cable/1979/08/79TEHRAN8980.html]
[cablegate.wikileaks.org/cable/1986/05/86MADRID5480.html]
[cablegate.wikileaks.org/cable/1989/12/89PANAMA8545.html]
[cablegate.wikileaks.org/cable/1990/01/90CAPETOWN97.html]
[cablegate.wikileaks.org/cable/2004/01/04ANKARA348.html]
[cablegate.wikileaks.org/cable/2004/12/04ANKARA7211.html]
[cablegate.wikileaks.org/cable/2005/03/05TELAVIV1580.html]
[cablegate.wikileaks.org/cable/2005/05/05ABUDHABI2178.html]
[cablegate.wikileaks.org/cable/2005/06/05ANKARA3199.html]
[cablegate.wikileaks.org/cable/2005/12/05ANKARA7215.html]
[cablegate.wikileaks.org/cable/2006/04/06ABUDHABI1401.html]
[cablegate.wikileaks.org/cable/2006/04/06ABUDHABI1725.html]
[cablegate.wikileaks.org/cable/2006/08/06ANKARA4688.html]
[cablegate.wikileaks.org/cable/2006/08/06BERLIN2546.html]
[cablegate.wikileaks.org/cable/2006/08/06MOSCOW9533.html]
[cablegate.wikileaks.org/cable/2006/12/06BAKU1835.html]
[cablegate.wikileaks.org/cable/2007/01/07TELAVIV64.html]
[cablegate.wikileaks.org/cable/2007/01/07DUBAI59.html]
[cablegate.wikileaks.org/cable/2007/01/07ABUDHABI145.html]
[cablegate.wikileaks.org/cable/2007/02/07BERLIN242.html]
[cablegate.wikileaks.org/cable/2007/02/07ABUDHABI187.html]
[cablegate.wikileaks.org/cable/2007/03/07ANKARA648.html]
[cablegate.wikileaks.org/cable/2007/04/07TELAVIV1114.html]
[cablegate.wikileaks.org/cable/2007/04/07BERLIN802.html]
[cablegate.wikileaks.org/cable/2007/05/07ANKARA1091.html]
[cablegate.wikileaks.org/cable/2007/05/07ANKARA1258.html]
[cablegate.wikileaks.org/cable/2007/06/07DUBAI355.html]
[cablegate.wikileaks.org/cable/2007/07/07HARARE638.html]
[cablegate.wikileaks.org/cable/2007/07/07ANKARA1842.html]
[cablegate.wikileaks.org/cable/2007/07/07ANKARA1905.html]
[cablegate.wikileaks.org/cable/2007/07/07TELAVIV2280.html]
[cablegate.wikileaks.org/cable/2007/08/07TELAVIV2652.html]
[cablegate.wikileaks.org/cable/2007/11/07STATE152317.html]
[cablegate.wikileaks.org/cable/2007/11/07BAGHDAD3895.html]
[cablegate.wikileaks.org/cable/2008/01/08CAIRO9.html]
[cablegate.wikileaks.org/cable/2008/01/08BERLIN122.html]
[cablegate.wikileaks.org/cable/2008/03/08MUSCAT174.html]
[cablegate.wikileaks.org/cable/2008/03/08ANKARA536.html]
[cablegate.wikileaks.org/cable/2008/03/08STATE30340.html]
[cablegate.wikileaks.org/cable/2008/04/08ANKARA691.html]
[cablegate.wikileaks.org/cable/2008/04/08RIYADH649.html]
[cablegate.wikileaks.org/cable/2008/04/08BERLIN531.html]
[cablegate.wikileaks.org/cable/2008/05/08CAIRO1067.html]
[cablegate.wikileaks.org/cable/2008/07/08RIYADH1134.html]
[cablegate.wikileaks.org/cable/2008/07/08STATE79112.html]
[cablegate.wikileaks.org/cable/2008/07/08CAIRO1637.html]
[cablegate.wikileaks.org/reldate/2010-11_0.html]
[cablegate.wikileaks.org/date/1966-12_0.html]
[cablegate.wikileaks.org/date/1972-02_0.html]
[cablegate.wikileaks.org/date/1979-08_0.html]
[cablegate.wikileaks.org/date/1986-05_0.html]
[cablegate.wikileaks.org/date/1989-12_0.html]
[cablegate.wikileaks.org/date/1990-01_0.html]
[cablegate.wikileaks.org/date/2004-01_0.html]
[cablegate.wikileaks.org/date/2004-12_0.html]
[cablegate.wikileaks.org/date/2005-03_0.html]
[cablegate.wikileaks.org/date/2005-05_0.html]
[cablegate.wikileaks.org/date/2005-06_0.html]
[cablegate.wikileaks.org/date/2005-12_0.html]
[cablegate.wikileaks.org/date/2006-04_0.html]
[cablegate.wikileaks.org/date/2006-08_0.html]
[cablegate.wikileaks.org/date/2006-12_0.html]
[cablegate.wikileaks.org/date/2007-01_0.html]
[cablegate.wikileaks.org/date/2007-02_0.html]
[cablegate.wikileaks.org/date/2007-03_0.html]
[cablegate.wikileaks.org/date/2007-04_0.html]
[cablegate.wikileaks.org/date/2007-05_0.html]
[cablegate.wikileaks.org/date/2007-06_0.html]
[cablegate.wikileaks.org/date/2007-07_0.html]
[cablegate.wikileaks.org/date/2007-08_0.html]
[cablegate.wikileaks.org/date/2007-11_0.html]
[cablegate.wikileaks.org/date/2008-01_0.html]
[cablegate.wikileaks.org/date/2008-03_0.html]
[cablegate.wikileaks.org/date/2008-04_0.html]
[cablegate.wikileaks.org/date/2008-05_0.html]
[cablegate.wikileaks.org/date/2008-07_0.html]
[cablegate.wikileaks.org/cable/2008/08/08MUSCAT565.html]
[cablegate.wikileaks.org/date/2008-08_0.html]
[cablegate.wikileaks.org/cable/2008/09/08ANKARA1643.html]
[cablegate.wikileaks.org/date/2008-09_0.html]
[cablegate.wikileaks.org/cable/2008/10/08RPODUBAI49.html]
[cablegate.wikileaks.org/cable/2008/10/08MUNICH355.html]
[cablegate.wikileaks.org/cable/2008/10/08STATE116392.html]
[cablegate.wikileaks.org/date/2008-10_0.html]
[cablegate.wikileaks.org/cable/2008/12/08STATE128877.html]
[cablegate.wikileaks.org/cable/2008/12/08TELAVIV2760.html]
[cablegate.wikileaks.org/cable/2008/12/08MUNICH423.html]
[cablegate.wikileaks.org/cable/2008/12/08STATE134490.html]
[cablegate.wikileaks.org/date/2008-12_0.html]
[cablegate.wikileaks.org/cable/2009/01/09RIYADH181.html]
[cablegate.wikileaks.org/date/2009-01_0.html]
[cablegate.wikileaks.org/cable/2009/02/09CAIRO231.html]
[cablegate.wikileaks.org/cable/2009/02/09BERLIN168.html]
[cablegate.wikileaks.org/cable/2009/02/09ANKARA226.html]
[cablegate.wikileaks.org/cable/2009/02/09MUNICH25.html]
[cablegate.wikileaks.org/cable/2009/02/09BISHKEK135.html]
[cablegate.wikileaks.org/cable/2009/02/09ASHGABAT218.html]
[cablegate.wikileaks.org/cable/2009/02/09STATE14577.html]
[cablegate.wikileaks.org/cable/2009/02/09MOSCOW405.html]
[cablegate.wikileaks.org/cable/2009/02/09STATE16285.html]
[cablegate.wikileaks.org/cable/2009/02/09ASHGABAT248.html]
[cablegate.wikileaks.org/cable/2009/02/09ABUDHABI192.html]
[cablegate.wikileaks.org/cable/2009/02/09TELAVIV457.html]
[cablegate.wikileaks.org/cable/2009/02/09ANKARA321.html]
[cablegate.wikileaks.org/date/2009-02_0.html]
[cablegate.wikileaks.org/cable/2009/03/09ISTANBUL83.html]
[cablegate.wikileaks.org/cable/2009/03/09BEIJING560.html]
[cablegate.wikileaks.org/cable/2009/03/09BAKU175.html]
[cablegate.wikileaks.org/cable/2009/03/09BAKU179.html]
[cablegate.wikileaks.org/cable/2009/03/09DAMASCUS179.html]
[cablegate.wikileaks.org/cable/2009/03/09TELAVIV654.html]
[cablegate.wikileaks.org/cable/2009/03/09RIYADH447.html]
[cablegate.wikileaks.org/cable/2009/03/09BERLIN345.html]
[cablegate.wikileaks.org/date/2009-03_0.html]
[cablegate.wikileaks.org/cable/2009/04/09AMMAN813.html]
[cablegate.wikileaks.org/cable/2009/04/09ABUDHABI347.html]
[cablegate.wikileaks.org/cable/2009/04/09BRUSSELS536.html]
[cablegate.wikileaks.org/cable/2009/04/09STATE37561.html]
[cablegate.wikileaks.org/cable/2009/04/09STATE37566.html]
[cablegate.wikileaks.org/cable/2009/04/09RPODUBAI177.html]
[cablegate.wikileaks.org/cable/2009/04/09BAGHDAD1103.html]
[cablegate.wikileaks.org/cable/2009/04/09TELAVIV936.html]
[cablegate.wikileaks.org/cable/2009/04/09MOSCOW1111.html]
[cablegate.wikileaks.org/cable/2009/04/09CAIRO746.html]
[cablegate.wikileaks.org/date/2009-04_0.html]
[cablegate.wikileaks.org/cable/2009/05/09BEIJING1247.html]
[cablegate.wikileaks.org/cable/2009/05/09STATE47326.html]
[cablegate.wikileaks.org/cable/2009/05/09TELAVIV1060.html]
[cablegate.wikileaks.org/date/2009-05_0.html]
[cablegate.wikileaks.org/cable/2009/06/09TELAVIV1177.html]
[cablegate.wikileaks.org/cable/2009/06/09TELAVIV1184.html]
[cablegate.wikileaks.org/cable/2009/06/09MOSCOW1488.html]
[cablegate.wikileaks.org/cable/2009/06/09BAKU478.html]
[cablegate.wikileaks.org/cable/2009/06/09ASHGABAT757.html]
[cablegate.wikileaks.org/cable/2009/06/09STATE62392.html]
[cablegate.wikileaks.org/date/2009-06_0.html]
[cablegate.wikileaks.org/cable/2009/07/09CAIRO1349.html]
[cablegate.wikileaks.org/cable/2009/07/09ABUDHABI736.html]
[cablegate.wikileaks.org/cable/2009/07/09BEIRUT818.html]
[cablegate.wikileaks.org/cable/2009/07/09ABUDHABI744.html]
[cablegate.wikileaks.org/cable/2009/07/09ABUDHABI754.html]
[cablegate.wikileaks.org/cable/2009/07/09TEGUCIGALPA645.html]
[cablegate.wikileaks.org/cable/2009/07/09MANAMA442.html]
[cablegate.wikileaks.org/cable/2009/07/09TELAVIV1688.html]
[cablegate.wikileaks.org/cable/2009/07/09PARIS1046.html]
[cablegate.wikileaks.org/date/2009-07_0.html]
[cablegate.wikileaks.org/cable/2009/07/09STATE80163.html]
[cablegate.wikileaks.org/cable/2009/08/09KUWAIT760.html]
[cablegate.wikileaks.org/cable/2009/08/09RPODUBAI316.html]
[cablegate.wikileaks.org/cable/2009/08/09DOHA502.html]
[cablegate.wikileaks.org/cable/2009/08/09BEIJING2438.html]
[cablegate.wikileaks.org/cable/2009/08/09ISTANBUL336.html]
[cablegate.wikileaks.org/cable/2009/08/09ABUDHABI862.html]
[cablegate.wikileaks.org/date/2009-08_0.html]
[cablegate.wikileaks.org/cable/2009/09/09BEIJING2494.html]
[cablegate.wikileaks.org/cable/2009/09/09BERLIN1106.html]
[cablegate.wikileaks.org/cable/2009/09/09JEDDAH343.html]
[cablegate.wikileaks.org/cable/2009/09/09RPODUBAI379.html]
[cablegate.wikileaks.org/cable/2009/09/09PARIS1254.html]
[cablegate.wikileaks.org/cable/2009/09/09ASHGABAT1182.html]
[cablegate.wikileaks.org/cable/2009/09/09STATE96222.html]
[cablegate.wikileaks.org/cable/2009/09/09STATE96550.html]
[cablegate.wikileaks.org/cable/2009/09/09BERLIN1162.html]
[cablegate.wikileaks.org/cable/2009/09/09BERLIN1167.html]
[cablegate.wikileaks.org/cable/2009/09/09BERLIN1176.html]
[cablegate.wikileaks.org/cable/2009/09/09RPODUBAI389.html]
[cablegate.wikileaks.org/cable/2009/09/09STATE100153.html]
[cablegate.wikileaks.org/cable/2009/09/09BERLIN1197.html]
[cablegate.wikileaks.org/cable/2009/09/09TRIPOLI771.html]
[cablegate.wikileaks.org/date/2009-09_0.html]
[cablegate.wikileaks.org/cable/2009/10/09PRAGUE589.html]
[cablegate.wikileaks.org/cable/2009/10/09KABUL3068.html]
[cablegate.wikileaks.org/cable/2009/10/09MOSCOW2529.html]
[cablegate.wikileaks.org/cable/2009/10/09MOSCOW2531.html]
[cablegate.wikileaks.org/cable/2009/10/09BERLIN1271.html]
[cablegate.wikileaks.org/cable/2009/10/09ANKARA1472.html]
[cablegate.wikileaks.org/cable/2009/10/09BERLIN1296.html]
[cablegate.wikileaks.org/cable/2009/10/09MANAMA611.html]
[cablegate.wikileaks.org/cable/2009/10/09BEIJING2932.html]
[cablegate.wikileaks.org/cable/2009/10/09ANKARA1549.html]
[cablegate.wikileaks.org/cable/2009/10/09BERLIN1360.html]
[cablegate.wikileaks.org/date/2009-10_0.html]
[cablegate.wikileaks.org/cable/2009/11/09ANKARA1583.html]
[cablegate.wikileaks.org/cable/2009/11/09MANAMA642.html]
[cablegate.wikileaks.org/cable/2009/11/09BERLIN1393.html]
[cablegate.wikileaks.org/cable/2009/11/09BERLIN1395.html]
[cablegate.wikileaks.org/cable/2009/11/09ANKARA1594.html]
[cablegate.wikileaks.org/cable/2009/11/09BERLIN1403.html]
[cablegate.wikileaks.org/cable/2009/11/09MUNICH273.html]
[cablegate.wikileaks.org/cable/2009/11/09BERLIN1433.html]
[cablegate.wikileaks.org/cable/2009/11/09BAGHDAD2992.html]
[cablegate.wikileaks.org/cable/2009/11/09TELAVIV2482.html]
[cablegate.wikileaks.org/cable/2009/11/09ANKARA1654.html]
[cablegate.wikileaks.org/cable/2009/11/09TELAVIV2500.html]
[cablegate.wikileaks.org/cable/2009/11/09TELAVIV2502.html]
[cablegate.wikileaks.org/cable/2009/11/09STATE119085.html]
[cablegate.wikileaks.org/cable/2009/11/09STATE120288.html]
[cablegate.wikileaks.org/date/2009-11_0.html]
[cablegate.wikileaks.org/cable/2009/12/09STATE122950.html]
[cablegate.wikileaks.org/cable/2009/12/09UNVIEVIENNA540.html]
[cablegate.wikileaks.org/cable/2009/12/09BERLIN1528.html]
[cablegate.wikileaks.org/cable/2009/12/09ISTANBUL440.html]
[cablegate.wikileaks.org/cable/2009/12/09BERLIN1548.html]
[cablegate.wikileaks.org/cable/2009/12/09UNVIEVIENNA553.html]
[cablegate.wikileaks.org/cable/2009/12/09BEIJING3313.html]
[cablegate.wikileaks.org/cable/2009/12/09BERLIN1577.html]
[cablegate.wikileaks.org/cable/2009/12/09BAGHDAD3195.html]
[cablegate.wikileaks.org/cable/2009/12/09MOSCOW3010.html]
[cablegate.wikileaks.org/cable/2009/12/09ABUDHABI1151.html]
[cablegate.wikileaks.org/cable/2009/12/09DOHA728.html]
[cablegate.wikileaks.org/cable/2009/12/09DOHA733.html]
[cablegate.wikileaks.org/cable/2009/12/09BERLIN1609.html]
[cablegate.wikileaks.org/cable/2009/12/09TELAVIV2757.html]
[cablegate.wikileaks.org/cable/2009/12/09MUNICH328.html]
[cablegate.wikileaks.org/cable/2009/12/09TELAVIV2777.html]
[cablegate.wikileaks.org/cable/2009/12/09BERLIN1626.html]
[cablegate.wikileaks.org/cable/2009/12/09BERLIN1636.html]
[cablegate.wikileaks.org/date/2009-12_0.html]
[cablegate.wikileaks.org/cable/2010/01/10DAMASCUS8.html]
[cablegate.wikileaks.org/cable/2010/01/10SANAA4.html]
[cablegate.wikileaks.org/cable/2010/01/10RPODUBAI13.html]
[cablegate.wikileaks.org/cable/2010/01/10RPODUBAI15.html]
[cablegate.wikileaks.org/cable/2010/01/10ANKARA87.html]
[cablegate.wikileaks.org/cable/2010/01/10LONDON131.html]
[cablegate.wikileaks.org/cable/2010/01/10STATE6451.html]
[cablegate.wikileaks.org/cable/2010/01/10ROME87.html]
[cablegate.wikileaks.org/cable/2010/01/10ANKARA126.html]
[cablegate.wikileaks.org/cable/2010/01/10RIYADH118.html]
[cablegate.wikileaks.org/cable/2010/01/10RIYADH123.html]
[cablegate.wikileaks.org/cable/2010/01/10STATE8675.html]
[cablegate.wikileaks.org/cable/2010/01/10STATE9124.html]
[cablegate.wikileaks.org/cable/2010/01/10BERLIN128.html]
[cablegate.wikileaks.org/cable/2010/01/10ANKARA150.html]
[cablegate.wikileaks.org/date/2010-01_0.html]
[cablegate.wikileaks.org/cable/2010/02/10KUWAIT88.html]
[cablegate.wikileaks.org/cable/2010/02/10STATE9939.html]
[cablegate.wikileaks.org/cable/2010/02/10MUSCAT71.html]
[cablegate.wikileaks.org/cable/2010/02/10STATE10900.html]
[cablegate.wikileaks.org/cable/2010/02/10BERLIN153.html]
[cablegate.wikileaks.org/cable/2010/02/10BERLIN157.html]
[cablegate.wikileaks.org/cable/2010/02/10BERLIN164.html]
[cablegate.wikileaks.org/cable/2010/02/10ABUDHABI69.html]
[cablegate.wikileaks.org/cable/2010/02/10RIYADH178.html]
[cablegate.wikileaks.org/cable/2010/02/10ROME173.html]
[cablegate.wikileaks.org/cable/2010/02/10PARIS170.html]
[cablegate.wikileaks.org/cable/2010/02/10BERLIN180.html]
[cablegate.wikileaks.org/cable/2010/02/10MUNICH29.html]
[cablegate.wikileaks.org/cable/2010/02/10ANKARA251.html]
[cablegate.wikileaks.org/cable/2010/02/10KUWAIT142.html]
[cablegate.wikileaks.org/cable/2010/02/10CAIRO219.html]
[cablegate.wikileaks.org/cable/2010/02/10MOSCOW392.html]
[cablegate.wikileaks.org/cable/2010/02/10ABUDHABI97.html]
[cablegate.wikileaks.org/cable/2010/02/10STATE15856.html]
[cablegate.wikileaks.org/cable/2010/02/10DOHA70.html]
[cablegate.wikileaks.org/cable/2010/02/10KUWAIT161.html]
[cablegate.wikileaks.org/cable/2010/02/10ANKARA294.html]
[cablegate.wikileaks.org/cable/2010/02/10DOHA71.html]
[cablegate.wikileaks.org/cable/2010/02/10STATE16932.html]
[cablegate.wikileaks.org/cable/2010/02/10STATE17263.html]
[cablegate.wikileaks.org/cable/2010/02/10KABUL693.html]
[cablegate.wikileaks.org/cable/2010/02/10BAKU134.html]
[cablegate.wikileaks.org/cable/2010/02/10ANKARA302.html]
[cablegate.wikileaks.org/date/2010-02_0.html]
[cablegate.wikileaks.org/origin/33_0.html]
[cablegate.wikileaks.org/origin/34_0.html]
[cablegate.wikileaks.org/origin/35_0.html]
[cablegate.wikileaks.org/origin/36_0.html]
[cablegate.wikileaks.org/origin/26_0.html]
[cablegate.wikileaks.org/origin/27_0.html]
[cablegate.wikileaks.org/origin/28_0.html]
[cablegate.wikileaks.org/origin/29_0.html]
[cablegate.wikileaks.org/origin/30_0.html]
[cablegate.wikileaks.org/origin/31_0.html]
[cablegate.wikileaks.org/origin/32_0.html]
[cablegate.wikileaks.org/origin/25_0.html]
[cablegate.wikileaks.org/origin/41_0.html]
[cablegate.wikileaks.org/origin/23_0.html]
[cablegate.wikileaks.org/origin/24_0.html]
[cablegate.wikileaks.org/origin/40_0.html]
[cablegate.wikileaks.org/origin/22_0.html]
[cablegate.wikileaks.org/origin/4_0.html]
[cablegate.wikileaks.org/origin/39_0.html]
[cablegate.wikileaks.org/origin/38_0.html]
[cablegate.wikileaks.org/origin/20_0.html]
[cablegate.wikileaks.org/origin/21_0.html]
[cablegate.wikileaks.org/origin/19_0.html]
[cablegate.wikileaks.org/origin/15_0.html]
[cablegate.wikileaks.org/origin/16_0.html]
[cablegate.wikileaks.org/origin/17_0.html]
[cablegate.wikileaks.org/origin/18_0.html]
[cablegate.wikileaks.org/origin/37_0.html]
[cablegate.wikileaks.org/origin/12_0.html]
[cablegate.wikileaks.org/origin/13_0.html]
[cablegate.wikileaks.org/origin/14_0.html]
[cablegate.wikileaks.org/origin/10_0.html]
[cablegate.wikileaks.org/origin/11_0.html]
[cablegate.wikileaks.org/origin/3_0.html]
[cablegate.wikileaks.org/origin/9_0.html]
[cablegate.wikileaks.org/origin/5_0.html]
[cablegate.wikileaks.org/origin/6_0.html]
[cablegate.wikileaks.org/origin/7_0.html]
[cablegate.wikileaks.org/origin/8_0.html]
[cablegate.wikileaks.org/origin/1_0.html]
[cablegate.wikileaks.org/origin/2_0.html]
[cablegate.wikileaks.org/tag/AE_0.html]
[cablegate.wikileaks.org/tag/AF_0.html]
[cablegate.wikileaks.org/tag/AJ_0.html]
[cablegate.wikileaks.org/tag/AM_0.html]
[cablegate.wikileaks.org/tag/AU_0.html]
[cablegate.wikileaks.org/tag/AORC_0.html]
[cablegate.wikileaks.org/tag/ASEC_0.html]
[cablegate.wikileaks.org/tag/AR_0.html]
[cablegate.wikileaks.org/tag/BU_0.html]
[cablegate.wikileaks.org/tag/BA_0.html]
[cablegate.wikileaks.org/tag/BH_0.html]
[cablegate.wikileaks.org/tag/BY_0.html]
[cablegate.wikileaks.org/tag/CH_0.html]
[cablegate.wikileaks.org/tag/CD_0.html]
[cablegate.wikileaks.org/tag/CV_0.html]
[cablegate.wikileaks.org/tag/CVIS_0.html]
[cablegate.wikileaks.org/tag/CASC_0.html]
[cablegate.wikileaks.org/tag/CF_0.html]
[cablegate.wikileaks.org/tag/COUNTERTERRORISM_0.html]
[cablegate.wikileaks.org/tag/ETTC_0.html]
[cablegate.wikileaks.org/tag/EG_0.html]
[cablegate.wikileaks.org/tag/ECON_0.html]
[cablegate.wikileaks.org/tag/ETRD_0.html]
[cablegate.wikileaks.org/tag/EAGR_0.html]
[cablegate.wikileaks.org/tag/ELAB_0.html]
[cablegate.wikileaks.org/tag/EUN_0.html]
[cablegate.wikileaks.org/tag/EFIN_0.html]
[cablegate.wikileaks.org/tag/EZ_0.html]
[cablegate.wikileaks.org/tag/ENRG_0.html]
[cablegate.wikileaks.org/tag/EPET_0.html]
[cablegate.wikileaks.org/tag/ELTN_0.html]
[cablegate.wikileaks.org/tag/ECPS_0.html]
[cablegate.wikileaks.org/tag/EAID_0.html]
[cablegate.wikileaks.org/tag/EINV_0.html]
[cablegate.wikileaks.org/tag/EFIS_0.html]
[cablegate.wikileaks.org/tag/EXTERNAL_0.html]
[cablegate.wikileaks.org/tag/ECUN_0.html]
[cablegate.wikileaks.org/tag/EU_0.html]
[cablegate.wikileaks.org/tag/EAIR_0.html]
[cablegate.wikileaks.org/tag/FR_0.html]
[cablegate.wikileaks.org/tag/GM_0.html]
[cablegate.wikileaks.org/tag/GE_0.html]
[cablegate.wikileaks.org/tag/GA_0.html]
[cablegate.wikileaks.org/tag/GG_0.html]
[cablegate.wikileaks.org/tag/GR_0.html]
[cablegate.wikileaks.org/tag/GOI_0.html]
[cablegate.wikileaks.org/tag/HO_0.html]
[cablegate.wikileaks.org/tag/IR_1.html]
[cablegate.wikileaks.org/tag/IR_0.html]
[cablegate.wikileaks.org/tag/IR_2.html]
[cablegate.wikileaks.org/tag/IS_0.html]
[cablegate.wikileaks.org/tag/IZ_0.html]
[cablegate.wikileaks.org/tag/IAEA_0.html]
[cablegate.wikileaks.org/tag/INRB_0.html]
[cablegate.wikileaks.org/tag/IT_0.html]
[cablegate.wikileaks.org/tag/IN_0.html]
[cablegate.wikileaks.org/tag/IRAJ_0.html]
[cablegate.wikileaks.org/tag/IQ_0.html]
[cablegate.wikileaks.org/tag/JO_0.html]
[cablegate.wikileaks.org/tag/JA_0.html]
[cablegate.wikileaks.org/tag/KNNP_0.html]
[cablegate.wikileaks.org/tag/KWBG_0.html]
[cablegate.wikileaks.org/tag/KSCA_0.html]
[cablegate.wikileaks.org/tag/KS_0.html]
[cablegate.wikileaks.org/tag/KPAL_0.html]
[cablegate.wikileaks.org/tag/KU_0.html]
[cablegate.wikileaks.org/tag/KMDR_0.html]
[cablegate.wikileaks.org/tag/KPAO_0.html]
[cablegate.wikileaks.org/tag/KDEM_0.html]
[cablegate.wikileaks.org/tag/KCOR_0.html]
[cablegate.wikileaks.org/tag/KCRM_0.html]
[cablegate.wikileaks.org/tag/KJUS_0.html]
[cablegate.wikileaks.org/tag/KHLS_0.html]
[cablegate.wikileaks.org/tag/KSPR_0.html]
[cablegate.wikileaks.org/tag/KGHG_0.html]
[cablegate.wikileaks.org/tag/KPKO_0.html]
[cablegate.wikileaks.org/tag/KUNR_0.html]
[cablegate.wikileaks.org/tag/KTFN_0.html]
[cablegate.wikileaks.org/tag/KTIA_0.html]
[cablegate.wikileaks.org/tag/KACT_0.html]
[cablegate.wikileaks.org/tag/KWMN_0.html]
[cablegate.wikileaks.org/tag/KG_0.html]
[cablegate.wikileaks.org/tag/KIRF_0.html]
[cablegate.wikileaks.org/tag/KHIV_0.html]
[cablegate.wikileaks.org/tag/KPRP_0.html]
[cablegate.wikileaks.org/tag/KZ_0.html]
[cablegate.wikileaks.org/tag/KN_0.html]
[cablegate.wikileaks.org/tag/LE_0.html]
[cablegate.wikileaks.org/tag/LY_0.html]
[cablegate.wikileaks.org/tag/MARR_0.html]
[cablegate.wikileaks.org/tag/MNUC_0.html]
[cablegate.wikileaks.org/tag/MOPS_0.html]
[cablegate.wikileaks.org/tag/MTCRE_0.html]
[cablegate.wikileaks.org/tag/MCAP_0.html]
[cablegate.wikileaks.org/tag/MASS_0.html]
[cablegate.wikileaks.org/tag/MU_0.html]
[cablegate.wikileaks.org/tag/MY_0.html]
[cablegate.wikileaks.org/tag/ML_0.html]
[cablegate.wikileaks.org/tag/MR_0.html]
[cablegate.wikileaks.org/tag/MPOS_0.html]
[cablegate.wikileaks.org/tag/MOPPS_0.html]
[cablegate.wikileaks.org/tag/MK_0.html]
[cablegate.wikileaks.org/tag/MAR_0.html]
[cablegate.wikileaks.org/tag/NATO_0.html]
[cablegate.wikileaks.org/tag/NG_0.html]
[cablegate.wikileaks.org/tag/OPRC_0.html]
[cablegate.wikileaks.org/tag/OPDC_0.html]
[cablegate.wikileaks.org/tag/OVIP_0.html]
[cablegate.wikileaks.org/tag/OTR_0.html]
[cablegate.wikileaks.org/tag/OTRA_0.html]
[cablegate.wikileaks.org/tag/PREL_1.html]
[cablegate.wikileaks.org/tag/PREL_3.html]
[cablegate.wikileaks.org/tag/PREL_0.html]
[cablegate.wikileaks.org/tag/PGOV_1.html]
[cablegate.wikileaks.org/tag/PGOV_2.html]
[cablegate.wikileaks.org/tag/PGOV_0.html]
[cablegate.wikileaks.org/tag/PARM_0.html]
[cablegate.wikileaks.org/tag/PTER_1.html]
[cablegate.wikileaks.org/tag/PTER_0.html]
[cablegate.wikileaks.org/tag/PINS_0.html]
[cablegate.wikileaks.org/tag/PINR_0.html]
[cablegate.wikileaks.org/tag/PHUM_0.html]
[cablegate.wikileaks.org/tag/PK_0.html]
[cablegate.wikileaks.org/tag/PROP_0.html]
[cablegate.wikileaks.org/tag/PREF_0.html]
[cablegate.wikileaks.org/tag/PM_0.html]
[cablegate.wikileaks.org/tag/PEPR_0.html]
[cablegate.wikileaks.org/tag/PBIO_0.html]
[cablegate.wikileaks.org/tag/PA_0.html]
[cablegate.wikileaks.org/tag/PBTS_0.html]
[cablegate.wikileaks.org/tag/PECON_0.html]
[cablegate.wikileaks.org/tag/POLITICAL_0.html]
[cablegate.wikileaks.org/tag/PARTIES_0.html]
[cablegate.wikileaks.org/tag/QA_0.html]
[cablegate.wikileaks.org/tag/RU_0.html]
[cablegate.wikileaks.org/tag/RS_0.html]
[cablegate.wikileaks.org/tag/RW_0.html]
[cablegate.wikileaks.org/tag/SA_0.html]
[cablegate.wikileaks.org/tag/SYR_0.html]
[cablegate.wikileaks.org/tag/SG_0.html]
[cablegate.wikileaks.org/tag/SP_0.html]
[cablegate.wikileaks.org/tag/SY_0.html]
[cablegate.wikileaks.org/tag/SENV_0.html]
[cablegate.wikileaks.org/tag/SNAR_0.html]
[cablegate.wikileaks.org/tag/SOCI_0.html]
[cablegate.wikileaks.org/tag/SO_0.html]
[cablegate.wikileaks.org/tag/SU_0.html]
[cablegate.wikileaks.org/tag/SF_0.html]
[cablegate.wikileaks.org/tag/SM_0.html]
[cablegate.wikileaks.org/tag/SCUL_0.html]
[cablegate.wikileaks.org/tag/TU_0.html]
[cablegate.wikileaks.org/tag/TFH01_0.html]
[cablegate.wikileaks.org/tag/TX_0.html]
[cablegate.wikileaks.org/tag/TRGY_0.html]
[cablegate.wikileaks.org/tag/TI_0.html]
[cablegate.wikileaks.org/tag/Terrorism_0.html]
[cablegate.wikileaks.org/tag/TC_0.html]
[cablegate.wikileaks.org/tag/TSPA_0.html]
[cablegate.wikileaks.org/tag/UNSC_0.html]
[cablegate.wikileaks.org/tag/UNESCO_0.html]
[cablegate.wikileaks.org/tag/UV_0.html]
[cablegate.wikileaks.org/tag/UP_0.html]
[cablegate.wikileaks.org/tag/US_0.html]
[cablegate.wikileaks.org/tag/UK_0.html]
[cablegate.wikileaks.org/tag/UZ_0.html]
[cablegate.wikileaks.org/tag/UE_0.html]
[cablegate.wikileaks.org/tag/XF_0.html]
[cablegate.wikileaks.org/tag/XA_0.html]
[cablegate.wikileaks.org/tag/YM_0.html]
[cablegate.wikileaks.org/tag/ZP_0.html]
[cablegate.wikileaks.org/tag/ZR_0.html]
[cablegate.wikileaks.org/tag/ZF_0.html]
[cablegate.wikileaks.org/tag/ZI_0.html]
[cablegate.wikileaks.org/classification/1_1.html]
[cablegate.wikileaks.org/classification/1_0.html]
[cablegate.wikileaks.org/classification/2_0.html]
[cablegate.wikileaks.org/classification/3_1.html]
[cablegate.wikileaks.org/classification/3_0.html]
[cablegate.wikileaks.org/classification/4_0.html]
[cablegate.wikileaks.org/classification/5_0.html]
[cablegate.wikileaks.org/classification/6_0.html]
[cablegate.wikileaks.org/static/graphic.png]
[cablegate.wikileaks.org/static/graphic.png]
[cablegate.wikileaks.org/static/gfx/moneybookersLogo.html]
[cablegate.wikileaks.org/static/gfx/paypalLogo.html]
[cablegate.wikileaks.org/static/gfx/wauhollandLogo.html]
[cablegate.wikileaks.org/static/gfx/flattrLogo.html]
[cablegate.wikileaks.org/reldate/2010-11_2.html]
[cablegate.wikileaks.org/reldate/2010-11_1.html]
[cablegate.wikileaks.org/reldate/2010-11_3.html]
[cablegate.wikileaks.org/reldate/2010-11_4.html]
[cablegate.wikileaks.org/cable/1966/12/66BUENOSAIRES2481.html]
[cablegate.wikileaks.org/cable/1972/02/72TEHRAN1164.html]
[cablegate.wikileaks.org/cable/1979/08/79TEHRAN8980.html]
[cablegate.wikileaks.org/cable/1986/05/86MADRID5480.html]
[cablegate.wikileaks.org/cable/1989/12/89PANAMA8545.html]
[cablegate.wikileaks.org/cable/1990/01/90CAPETOWN97.html]
[cablegate.wikileaks.org/cable/2004/01/04ANKARA348.html]
[cablegate.wikileaks.org/cable/2004/12/04ANKARA7211.html]
[cablegate.wikileaks.org/cable/2005/03/05TELAVIV1580.html]
[cablegate.wikileaks.org/cable/2005/05/05ABUDHABI2178.html]
[cablegate.wikileaks.org/cable/2005/06/05ANKARA3199.html]
[cablegate.wikileaks.org/cable/2005/12/05ANKARA7215.html]
[cablegate.wikileaks.org/cable/2006/04/06ABUDHABI1401.html]
[cablegate.wikileaks.org/cable/2006/04/06ABUDHABI1725.html]
[cablegate.wikileaks.org/cable/2006/08/06ANKARA4688.html]
[cablegate.wikileaks.org/cable/2006/08/06BERLIN2546.html]
[cablegate.wikileaks.org/cable/2006/08/06MOSCOW9533.html]
[cablegate.wikileaks.org/cable/2006/12/06BAKU1835.html]
[cablegate.wikileaks.org/cable/2007/01/07TELAVIV64.html]
[cablegate.wikileaks.org/cable/2007/01/07DUBAI59.html]
[cablegate.wikileaks.org/cable/2007/01/07ABUDHABI145.html]
[cablegate.wikileaks.org/cable/2007/02/07BERLIN242.html]
[cablegate.wikileaks.org/cable/2007/02/07ABUDHABI187.html]
[cablegate.wikileaks.org/cable/2007/03/07ANKARA648.html]
[cablegate.wikileaks.org/cable/2007/04/07TELAVIV1114.html]
[cablegate.wikileaks.org/cable/2007/04/07BERLIN802.html]
[cablegate.wikileaks.org/cable/2007/05/07ANKARA1091.html]
[cablegate.wikileaks.org/cable/2007/05/07ANKARA1258.html]
[cablegate.wikileaks.org/cable/2007/06/07DUBAI355.html]
[cablegate.wikileaks.org/cable/2007/07/07HARARE638.html]
[cablegate.wikileaks.org/cable/2007/07/07ANKARA1842.html]
[cablegate.wikileaks.org/cable/2007/07/07ANKARA1905.html]
[cablegate.wikileaks.org/cable/2007/07/07TELAVIV2280.html]
[cablegate.wikileaks.org/cable/2007/08/07TELAVIV2652.html]
[cablegate.wikileaks.org/cable/2007/11/07STATE152317.html]
[cablegate.wikileaks.org/cable/2007/11/07BAGHDAD3895.html]
[cablegate.wikileaks.org/cable/2008/01/08CAIRO9.html]
[cablegate.wikileaks.org/cable/2008/01/08BERLIN122.html]
[cablegate.wikileaks.org/cable/2008/03/08MUSCAT174.html]
[cablegate.wikileaks.org/cable/2008/03/08ANKARA536.html]
[cablegate.wikileaks.org/cable/2008/03/08STATE30340.html]
[cablegate.wikileaks.org/cable/2008/04/08ANKARA691.html]
[cablegate.wikileaks.org/cable/2008/04/08RIYADH649.html]
[cablegate.wikileaks.org/cable/2008/04/08BERLIN531.html]
[cablegate.wikileaks.org/cable/2008/05/08CAIRO1067.html]
[cablegate.wikileaks.org/cable/2008/07/08RIYADH1134.html]
[cablegate.wikileaks.org/cable/2008/07/08STATE79112.html]
[cablegate.wikileaks.org/cable/2008/07/08CAIRO1637.html]
[cablegate.wikileaks.org/cable/2008/08/08MUSCAT565.html]
[cablegate.wikileaks.org/cable/2008/09/08ANKARA1643.html]
[cablegate.wikileaks.org/cable/2008/10/08RPODUBAI49.html]
[cablegate.wikileaks.org/cable/2008/10/08MUNICH355.html]
[cablegate.wikileaks.org/cable/2008/10/08STATE116392.html]
[cablegate.wikileaks.org/cable/2008/12/08STATE128877.html]
[cablegate.wikileaks.org/cable/2008/12/08TELAVIV2760.html]
[cablegate.wikileaks.org/cable/2008/12/08MUNICH423.html]
[cablegate.wikileaks.org/cable/2008/12/08STATE134490.html]
[cablegate.wikileaks.org/cable/2009/01/09RIYADH181.html]
[cablegate.wikileaks.org/cable/2009/02/09CAIRO231.html]
[cablegate.wikileaks.org/cable/2009/02/09BERLIN168.html]
[cablegate.wikileaks.org/cable/2009/02/09ANKARA226.html]
[cablegate.wikileaks.org/cable/2009/02/09MUNICH25.html]
[cablegate.wikileaks.org/cable/2009/02/09BISHKEK135.html]
[cablegate.wikileaks.org/cable/2009/02/09ASHGABAT218.html]
[cablegate.wikileaks.org/cable/2009/02/09STATE14577.html]
[cablegate.wikileaks.org/cable/2009/02/09MOSCOW405.html]
[cablegate.wikileaks.org/cable/2009/02/09STATE16285.html]
[cablegate.wikileaks.org/cable/2009/02/09ASHGABAT248.html]
[cablegate.wikileaks.org/cable/2009/02/09ABUDHABI192.html]
[cablegate.wikileaks.org/cable/2009/02/09TELAVIV457.html]
[cablegate.wikileaks.org/cable/2009/02/09ANKARA321.html]
[cablegate.wikileaks.org/cable/2009/03/09ISTANBUL83.html]
[cablegate.wikileaks.org/cable/2009/03/09BEIJING560.html]
[cablegate.wikileaks.org/cable/2009/03/09BAKU175.html]
[cablegate.wikileaks.org/cable/2009/03/09BAKU179.html]
[cablegate.wikileaks.org/cable/2009/03/09DAMASCUS179.html]
[cablegate.wikileaks.org/cable/2009/03/09TELAVIV654.html]
[cablegate.wikileaks.org/cable/2009/03/09RIYADH447.html]
[cablegate.wikileaks.org/cable/2009/03/09BERLIN345.html]
[cablegate.wikileaks.org/cable/2009/04/09AMMAN813.html]
[cablegate.wikileaks.org/cable/2009/04/09ABUDHABI347.html]
[cablegate.wikileaks.org/cable/2009/04/09BRUSSELS536.html]
[cablegate.wikileaks.org/cable/2009/04/09STATE37561.html]
[cablegate.wikileaks.org/cable/2009/04/09STATE37566.html]
[cablegate.wikileaks.org/cable/2009/04/09RPODUBAI177.html]
[cablegate.wikileaks.org/cable/2009/04/09BAGHDAD1103.html]
[cablegate.wikileaks.org/cable/2009/04/09TELAVIV936.html]
[cablegate.wikileaks.org/cable/2009/04/09MOSCOW1111.html]
[cablegate.wikileaks.org/cable/2009/04/09CAIRO746.html]
[cablegate.wikileaks.org/cable/2009/05/09BEIJING1247.html]
[cablegate.wikileaks.org/cable/2009/05/09STATE47326.html]
[cablegate.wikileaks.org/cable/2009/05/09TELAVIV1060.html]
[cablegate.wikileaks.org/cable/2009/06/09TELAVIV1177.html]
[cablegate.wikileaks.org/cable/2009/06/09TELAVIV1184.html]
[cablegate.wikileaks.org/cable/2009/06/09MOSCOW1488.html]
[cablegate.wikileaks.org/cable/2009/06/09BAKU478.html]
[cablegate.wikileaks.org/cable/2009/06/09ASHGABAT757.html]
[cablegate.wikileaks.org/cable/2009/06/09STATE62392.html]
[cablegate.wikileaks.org/cable/2009/07/09CAIRO1349.html]
[cablegate.wikileaks.org/cable/2009/07/09ABUDHABI736.html]
[cablegate.wikileaks.org/cable/2009/07/09BEIRUT818.html]
[cablegate.wikileaks.org/cable/2009/07/09ABUDHABI744.html]
[cablegate.wikileaks.org/cable/2009/07/09ABUDHABI754.html]
[cablegate.wikileaks.org/cable/2009/07/09TEGUCIGALPA645.html]
[cablegate.wikileaks.org/cable/2009/07/09MANAMA442.html]
[cablegate.wikileaks.org/cable/2009/07/09TELAVIV1688.html]
[cablegate.wikileaks.org/cable/2009/07/09PARIS1046.html]
[cablegate.wikileaks.org/cable/2009/07/09STATE80163.html]
[cablegate.wikileaks.org/cable/2009/08/09KUWAIT760.html]
[cablegate.wikileaks.org/cable/2009/08/09RPODUBAI316.html]
[cablegate.wikileaks.org/cable/2009/08/09DOHA502.html]
[cablegate.wikileaks.org/cable/2009/08/09BEIJING2438.html]
[cablegate.wikileaks.org/cable/2009/08/09ISTANBUL336.html]
[cablegate.wikileaks.org/cable/2009/08/09ABUDHABI862.html]
[cablegate.wikileaks.org/cable/2009/09/09BEIJING2494.html]
[cablegate.wikileaks.org/cable/2009/09/09BERLIN1106.html]
[cablegate.wikileaks.org/cable/2009/09/09JEDDAH343.html]
[cablegate.wikileaks.org/cable/2009/09/09RPODUBAI379.html]
[cablegate.wikileaks.org/cable/2009/09/09PARIS1254.html]
[cablegate.wikileaks.org/cable/2009/09/09ASHGABAT1182.html]
[cablegate.wikileaks.org/cable/2009/09/09STATE96222.html]
[cablegate.wikileaks.org/cable/2009/09/09STATE96550.html]
[cablegate.wikileaks.org/cable/2009/09/09BERLIN1162.html]
[cablegate.wikileaks.org/cable/2009/09/09BERLIN1167.html]
[cablegate.wikileaks.org/cable/2009/09/09BERLIN1176.html]
[cablegate.wikileaks.org/cable/2009/09/09RPODUBAI389.html]
[cablegate.wikileaks.org/cable/2009/09/09STATE100153.html]
[cablegate.wikileaks.org/cable/2009/09/09BERLIN1197.html]
[cablegate.wikileaks.org/cable/2009/09/09TRIPOLI771.html]
[cablegate.wikileaks.org/cable/2009/10/09PRAGUE589.html]
[cablegate.wikileaks.org/cable/2009/10/09KABUL3068.html]
[cablegate.wikileaks.org/cable/2009/10/09MOSCOW2529.html]
[cablegate.wikileaks.org/cable/2009/10/09MOSCOW2531.html]
[cablegate.wikileaks.org/cable/2009/10/09BERLIN1271.html]
[cablegate.wikileaks.org/cable/2009/10/09ANKARA1472.html]
[cablegate.wikileaks.org/cable/2009/10/09BERLIN1296.html]
[cablegate.wikileaks.org/cable/2009/10/09MANAMA611.html]
[cablegate.wikileaks.org/cable/2009/10/09BEIJING2932.html]
[cablegate.wikileaks.org/cable/2009/10/09ANKARA1549.html]
[cablegate.wikileaks.org/cable/2009/10/09BERLIN1360.html]
[cablegate.wikileaks.org/cable/2009/11/09ANKARA1583.html]
[cablegate.wikileaks.org/cable/2009/11/09MANAMA642.html]
[cablegate.wikileaks.org/cable/2009/11/09BERLIN1393.html]
[cablegate.wikileaks.org/cable/2009/11/09BERLIN1395.html]
[cablegate.wikileaks.org/cable/2009/11/09ANKARA1594.html]
[cablegate.wikileaks.org/cable/2009/11/09BERLIN1403.html]
[cablegate.wikileaks.org/cable/2009/11/09MUNICH273.html]
[cablegate.wikileaks.org/cable/2009/11/09BERLIN1433.html]
[cablegate.wikileaks.org/cable/2009/11/09BAGHDAD2992.html]
[cablegate.wikileaks.org/cable/2009/11/09TELAVIV2482.html]
[cablegate.wikileaks.org/cable/2009/11/09ANKARA1654.html]
[cablegate.wikileaks.org/cable/2009/11/09TELAVIV2500.html]
[cablegate.wikileaks.org/cable/2009/11/09TELAVIV2502.html]
[cablegate.wikileaks.org/cable/2009/11/09STATE119085.html]
[cablegate.wikileaks.org/cable/2009/11/09STATE120288.html]
[cablegate.wikileaks.org/cable/2009/12/09STATE122950.html]
[cablegate.wikileaks.org/cable/2009/12/09UNVIEVIENNA540.html]
[cablegate.wikileaks.org/cable/2009/12/09BERLIN1528.html]
[cablegate.wikileaks.org/cable/2009/12/09ISTANBUL440.html]
[cablegate.wikileaks.org/cable/2009/12/09BERLIN1548.html]
[cablegate.wikileaks.org/cable/2009/12/09UNVIEVIENNA553.html]
[cablegate.wikileaks.org/cable/2009/12/09BEIJING3313.html]
[cablegate.wikileaks.org/cable/2009/12/09BERLIN1577.html]
[cablegate.wikileaks.org/cable/2009/12/09BAGHDAD3195.html]
[cablegate.wikileaks.org/cable/2009/12/09MOSCOW3010.html]
[cablegate.wikileaks.org/cable/2009/12/09ABUDHABI1151.html]
[cablegate.wikileaks.org/cable/2009/12/09DOHA728.html]
[cablegate.wikileaks.org/cable/2009/12/09DOHA733.html]
[cablegate.wikileaks.org/cable/2009/12/09BERLIN1609.html]
[cablegate.wikileaks.org/cable/2009/12/09TELAVIV2757.html]
[cablegate.wikileaks.org/cable/2009/12/09MUNICH328.html]
[cablegate.wikileaks.org/cable/2009/12/09TELAVIV2777.html]
[cablegate.wikileaks.org/cable/2009/12/09BERLIN1626.html]
[cablegate.wikileaks.org/cable/2009/12/09BERLIN1636.html]
[cablegate.wikileaks.org/cable/2010/01/10DAMASCUS8.html]
[cablegate.wikileaks.org/cable/2010/01/10SANAA4.html]
[cablegate.wikileaks.org/cable/2010/01/10RPODUBAI13.html]
[cablegate.wikileaks.org/cable/2010/01/10RPODUBAI15.html]
[cablegate.wikileaks.org/cable/2010/01/10ANKARA87.html]
[cablegate.wikileaks.org/cable/2010/01/10LONDON131.html]
[cablegate.wikileaks.org/cable/2010/01/10STATE6451.html]
[cablegate.wikileaks.org/cable/2010/01/10ROME87.html]
[cablegate.wikileaks.org/cable/2010/01/10ANKARA126.html]
[cablegate.wikileaks.org/cable/2010/01/10RIYADH118.html]
[cablegate.wikileaks.org/cable/2010/01/10RIYADH123.html]
[cablegate.wikileaks.org/cable/2010/01/10STATE8675.html]
[cablegate.wikileaks.org/cable/2010/01/10STATE9124.html]
[cablegate.wikileaks.org/cable/2010/01/10BERLIN128.html]
[cablegate.wikileaks.org/cable/2010/01/10ANKARA150.html]
[cablegate.wikileaks.org/cable/2010/02/10KUWAIT88.html]
[cablegate.wikileaks.org/cable/2010/02/10STATE9939.html]
[cablegate.wikileaks.org/cable/2010/02/10MUSCAT71.html]
[cablegate.wikileaks.org/cable/2010/02/10STATE10900.html]
[cablegate.wikileaks.org/cable/2010/02/10BERLIN153.html]
[cablegate.wikileaks.org/cable/2010/02/10BERLIN157.html]
[cablegate.wikileaks.org/cable/2010/02/10BERLIN164.html]
[cablegate.wikileaks.org/cable/2010/02/10ABUDHABI69.html]
[cablegate.wikileaks.org/cable/2010/02/10RIYADH178.html]
[cablegate.wikileaks.org/cable/2010/02/10ROME173.html]
[cablegate.wikileaks.org/cable/2010/02/10PARIS170.html]
[cablegate.wikileaks.org/cable/2010/02/10BERLIN180.html]
[cablegate.wikileaks.org/cable/2010/02/10MUNICH29.html]
[cablegate.wikileaks.org/cable/2010/02/10ANKARA251.html]
[cablegate.wikileaks.org/cable/2010/02/10KUWAIT142.html]
[cablegate.wikileaks.org/cable/2010/02/10CAIRO219.html]
[cablegate.wikileaks.org/cable/2010/02/10MOSCOW392.html]
[cablegate.wikileaks.org/cable/2010/02/10ABUDHABI97.html]
[cablegate.wikileaks.org/cable/2010/02/10STATE15856.html]
[cablegate.wikileaks.org/cable/2010/02/10DOHA70.html]
[cablegate.wikileaks.org/cable/2010/02/10KUWAIT161.html]
[cablegate.wikileaks.org/cable/2010/02/10ANKARA294.html]
[cablegate.wikileaks.org/cable/2010/02/10DOHA71.html]
[cablegate.wikileaks.org/cable/2010/02/10STATE16932.html]
[cablegate.wikileaks.org/cable/2010/02/10STATE17263.html]
[cablegate.wikileaks.org/cable/2010/02/10KABUL693.html]
[cablegate.wikileaks.org/cable/2010/02/10BAKU134.html]
[cablegate.wikileaks.org/cable/2010/02/10ANKARA302.html]
[cablegate.wikileaks.org/tag/IR_1.html]
[cablegate.wikileaks.org/tag/IR_2.html]
[cablegate.wikileaks.org/tag/PREL_1.html]
[cablegate.wikileaks.org/tag/PREL_3.html]
[cablegate.wikileaks.org/tag/PGOV_1.html]
[cablegate.wikileaks.org/tag/PGOV_2.html]
[cablegate.wikileaks.org/tag/PTER_1.html]
[cablegate.wikileaks.org/classification/1_1.html]
[cablegate.wikileaks.org/classification/3_1.html]
[cablegate.wikileaks.org/reldate/2010-11_2.html]
[cablegate.wikileaks.org/reldate/2010-11_3.html]
[cablegate.wikileaks.org/cable/2005/03/05TELAVIV1593.html]
[cablegate.wikileaks.org/cable/2005/03/05TELAVIV1593.html]
[cablegate.wikileaks.org/cable/2005/03/05ANKARA1730.html]
[cablegate.wikileaks.org/cable/2005/03/05ANKARA1730.html]
[cablegate.wikileaks.org/tag/PREL_2.html]
[cablegate.wikileaks.org/tag/PREL_2.html]
